-------------------------------------------------------------------------------
Test set: runner.RunCucumberTest
-------------------------------------------------------------------------------
Tests run: 3, Failures: 1, Errors: 0, Skipped: 0, Time elapsed: 21.029 s <<< FAILURE! - in runner.RunCucumberTest
Login.Login com sucesso  Time elapsed: 8.143 s  <<< FAILURE!
org.junit.ComparisonFailure: NÃ£o acessou a sua conta! expected:<[Logout]> but was:<[]>

